<?xml version="1.0" encoding="UTF-8"?>
<testsuite xmlns:xsi="http://www.w3.org/2001/XMLSchema-instance" xsi:noNamespaceSchemaLocation="https://maven.apache.org/surefire/maven-surefire-plugin/xsd/surefire-test-report.xsd" version="3.0.2" name="com.harish.spring.project.springboot_single_endpoint_eks.SpringbootSingleEndpointEksApplicationTests" time="6.414" tests="1" errors="0" skipped="0" failures="0">
  <properties>
[...]
</properties>
  <testcase name="contextLoads" classname="com.harish.spring.project.springboot_single_endpoint_eks.SpringbootSingleEndpointEksApplicationTests" time="1.207">
    <system-out><![CDATA[16:39:36.552 [main] INFO org.springframework.test.context.support.AnnotationConfigContextLoaderUtils -- Could not detect default configuration classes for test class [com.harish.spring.project.springboot_single_endpoint_eks.SpringbootSingleEndpointEksApplicationTests]: SpringbootSingleEndpointEksApplicationTests does not declare any static, non-private, non-final, nested classes annotated with @Configuration.
16:39:36.843 [main] INFO org.springframework.boot.test.context.SpringBootTestContextBootstrapper -- Found @SpringBootConfiguration com.harish.spring.project.springboot_single_endpoint_eks.SpringbootSingleEndpointEksApplication for test class com.harish.spring.project.springboot_single_endpoint_eks.SpringbootSingleEndpointEksApplicationTests

  .   ____          _            __ _ _
 /\\ / ___'_ __ _ _(_)_ __  __ _ \ \ \ \
( ( )\___ | '_ | '_| | '_ \/ _` | \ \ \ \
 \\/  ___)| |_)| | | | | || (_| |  ) ) ) )
  '  |____| .__|_| |_|_| |_\__, | / / / /
 =========|_|==============|___/=/_/_/_/

 :: Spring Boot ::                (v3.5.5)

2025-10-01T16:39:38.005+05:30  INFO 3688 --- [           main] ingbootSingleEndpointEksApplicationTests : Starting SpringbootSingleEndpointEksApplicationTests using Java 21.0.8 with PID 3688 (started by user in D:\SkillUp\SkillUp-Program\k8s\microservices\springboot-single-endpoint-eks)
2025-10-01T16:39:38.010+05:30  INFO 3688 --- [           main] ingbootSingleEndpointEksApplicationTests : No active profile set, falling back to 1 default profile: "default"
2025-10-01T16:39:40.720+05:30  INFO 3688 --- [           main] ingbootSingleEndpointEksApplicationTests : Started SpringbootSingleEndpointEksApplicationTests in 3.478 seconds (process running for 6.725)
]]></system-out>
    <system-err><![CDATA[Mockito is currently self-attaching to enable the inline-mock-maker. This will no longer work in future releases of the JDK. Please add Mockito as an agent to your build as described in Mockito's documentation: https://javadoc.io/doc/org.mockito/mockito-core/latest/org.mockito/org/mockito/Mockito.html#0.3
WARNING: A Java agent has been loaded dynamically (C:\Users\user\.m2\repository\net\bytebuddy\byte-buddy-agent\1.17.7\byte-buddy-agent-1.17.7.jar)
WARNING: If a serviceability tool is in use, please run with -XX:+EnableDynamicAgentLoading to hide this warning
WARNING: If a serviceability tool is not in use, please run with -Djdk.instrument.traceUsage for more information
WARNING: Dynamic loading of agents will be disallowed by default in a future release
]]></system-err>
  </testcase>
</testsuite>